This is pdfTeX, Version 3.14159265-2.6-1.40.20 (TeX Live 2019/Arch Linux) (preloaded format=pdflatex 2020.3.2)  29 MAR 2020 15:53
entering extended mode
 restricted \write18 enabled.
 %&-line parsing enabled.
**refman.tex
(./refman.tex
LaTeX2e <2019-10-01> patch level 1
(/usr/share/texmf-dist/tex/latex/base/book.cls
Document Class: book 2019/08/27 v1.4j Standard LaTeX document class
(/usr/share/texmf-dist/tex/latex/base/bk10.clo
File: bk10.clo 2019/08/27 v1.4j Standard LaTeX file (size option)
)
\c@part=\count80
\c@chapter=\count81
\c@section=\count82
\c@subsection=\count83
\c@subsubsection=\count84
\c@paragraph=\count85
\c@subparagraph=\count86
\c@figure=\count87
\c@table=\count88
\abovecaptionskip=\skip41
\belowcaptionskip=\skip42
\bibindent=\dimen102
)
(/usr/share/texmf-dist/tex/latex/base/ifthen.sty
Package: ifthen 2014/09/29 v1.1c Standard LaTeX ifthen package (DPC)
)
(/usr/share/texmf-dist/tex/latex/tools/array.sty
Rollback for package 'array' requested -> date 2016-10-06.
         Best approximation is the release introduced on 2016-10-06.

(/usr/share/texmf-dist/tex/latex/tools/array-2016-10-06.sty
Package: array 2016/10/06 v2.4d Tabular extension package (FMi)
\col@sep=\dimen103
\extrarowheight=\dimen104
\NC@list=\toks14
\extratabsurround=\skip43
\backup@length=\skip44
))
(/usr/share/texmf-dist/tex/latex/base/fixltx2e.sty
Package: fixltx2e 2016/12/29 v2.1a fixes to LaTeX (obsolete)
Applying: [2015/01/01] Old fixltx2e package on input line 46.


Package fixltx2e Warning: fixltx2e is not required with releases after 2015
(fixltx2e)                All fixes are now in the LaTeX kernel.
(fixltx2e)                See the latexrelease package for details.

Already applied: [0000/00/00] Old fixltx2e package on input line 53.
) (/usr/share/texmf-dist/tex/latex/tools/calc.sty
Package: calc 2017/05/25 v4.3 Infix arithmetic (KKT,FJ)
\calc@Acount=\count89
\calc@Bcount=\count90
\calc@Adimen=\dimen105
\calc@Bdimen=\dimen106
\calc@Askip=\skip45
\calc@Bskip=\skip46
LaTeX Info: Redefining \setlength on input line 80.
LaTeX Info: Redefining \addtolength on input line 81.
\calc@Ccount=\count91
\calc@Cskip=\skip47
) (./doxygen.sty
Package: doxygen 

(/usr/share/texmf-dist/tex/latex/base/alltt.sty
Package: alltt 1997/06/16 v2.0g defines alltt environment
)
(/usr/share/texmf-dist/tex/latex/float/float.sty
Package: float 2001/11/08 v1.3d Float enhancements (AL)
\c@float@type=\count92
\float@exts=\toks15
\float@box=\box27
\@float@everytoks=\toks16
\@floatcapt=\box28
)
(/usr/share/texmf-dist/tex/latex/tools/verbatim.sty
Package: verbatim 2014/10/28 v1.5q LaTeX2e package for verbatim enhancements
\every@verbatim=\toks17
\verbatim@line=\toks18
\verbatim@in@stream=\read1
)
(/usr/share/texmf-dist/tex/latex/xcolor/xcolor.sty
Package: xcolor 2016/05/11 v2.12 LaTeX color extensions (UK)

(/usr/share/texmf-dist/tex/latex/graphics-cfg/color.cfg
File: color.cfg 2016/01/02 v1.6 sample color configuration
)
Package xcolor Info: Driver file: pdftex.def on input line 225.

(/usr/share/texmf-dist/tex/latex/graphics-def/pdftex.def
File: pdftex.def 2018/01/08 v1.0l Graphics/color driver for pdftex
)
(/usr/share/texmf-dist/tex/latex/colortbl/colortbl.sty
Package: colortbl 2018/12/12 v1.0d Color table columns (DPC)
\everycr=\toks19
\minrowclearance=\skip48
)
\rownum=\count93
Package xcolor Info: Model `cmy' substituted by `cmy0' on input line 1348.
Package xcolor Info: Model `hsb' substituted by `rgb' on input line 1352.
Package xcolor Info: Model `RGB' extended on input line 1364.
Package xcolor Info: Model `HTML' substituted by `rgb' on input line 1366.
Package xcolor Info: Model `Hsb' substituted by `hsb' on input line 1367.
Package xcolor Info: Model `tHsb' substituted by `hsb' on input line 1368.
Package xcolor Info: Model `HSB' substituted by `hsb' on input line 1369.
Package xcolor Info: Model `Gray' substituted by `gray' on input line 1370.
Package xcolor Info: Model `wave' substituted by `hsb' on input line 1371.
)
(./longtable_doxygen.sty
Package: longtable_doxygen 2014/10/28 v4.11 Multi-page Table package (DPC) - fr
ozen version for doxygen
\LTleft=\skip49
\LTright=\skip50
\LTpre=\skip51
\LTpost=\skip52
\LTchunksize=\count94
\LTcapwidth=\dimen107
\LT@head=\box29
\LT@firsthead=\box30
\LT@foot=\box31
\LT@lastfoot=\box32
\LT@cols=\count95
\LT@rows=\count96
\c@LT@tables=\count97
\c@LT@chunks=\count98
\LT@p@ftn=\toks20
) (./tabu_doxygen.sty
Package: tabu_doxygen 2011/02/26 v2.8 - flexible LaTeX tabulars (FC), frozen ve
rsion for doxygen

(/usr/share/texmf-dist/tex/latex/varwidth/varwidth.sty
Package: varwidth 2009/03/30 ver 0.92;  Variable-width minipages
\@vwid@box=\box33
\sift@deathcycles=\count99
\@vwid@loff=\dimen108
\@vwid@roff=\dimen109
)
\c@taburow=\count100
\tabu@nbcols=\count101
\tabu@cnt=\count102
\tabu@Xcol=\count103
\tabu@alloc=\count104
\tabu@nested=\count105
\tabu@target=\dimen110
\tabu@spreadtarget=\dimen111
\tabu@naturalX=\dimen112
\tabucolX=\dimen113
\tabu@Xsum=\dimen114
\extrarowdepth=\dimen115
\abovetabulinesep=\dimen116
\belowtabulinesep=\dimen117
\tabustrutrule=\dimen118
\tabu@thebody=\toks21
\tabu@footnotes=\toks22
\tabu@box=\box34
\tabu@arstrutbox=\box35
\tabu@hleads=\box36
\tabu@vleads=\box37
\tabu@cellskip=\skip53
)
(/usr/share/texmf-dist/tex/latex/fancyvrb/fancyvrb.sty
Package: fancyvrb 2019/10/22

Style option: `fancyvrb' v3.3 <2019/10/22> (tvz)
(/usr/share/texmf-dist/tex/latex/graphics/keyval.sty
Package: keyval 2014/10/28 v1.15 key=value parser (DPC)
\KV@toks@=\toks23
)
\FV@CodeLineNo=\count106
\FV@InFile=\read2
\FV@TabBox=\box38
\c@FancyVerbLine=\count107
\FV@StepNumber=\count108
\FV@OutFile=\write3
)
(/usr/share/texmf-dist/tex/latex/tools/tabularx.sty
Package: tabularx 2016/02/03 v2.11b `tabularx' package (DPC)
\TX@col@width=\dimen119
\TX@old@table=\dimen120
\TX@old@col=\dimen121
\TX@target=\dimen122
\TX@delta=\dimen123
\TX@cols=\count109
\TX@ftn=\toks24
)
(/usr/share/texmf-dist/tex/latex/multirow/multirow.sty
Package: multirow 2019/05/31 v2.5 Span multiple rows of a table
\multirow@colwidth=\skip54
\multirow@cntb=\count110
\multirow@dima=\skip55
\bigstrutjot=\dimen124
)
(/usr/share/texmf-dist/tex/latex/hanging/hanging.sty
Package: hanging 2009/09/02 v1.2b hanging paragraphs and punctuation
\h@ngcommawd=\skip56
\h@ngfstopwd=\skip57
\h@ngquotewd=\skip58
\h@ngdquotewd=\skip59
\h@ngquerywd=\skip60
\h@ngexclwd=\skip61
\h@ngcolonwd=\skip62
\h@ngscolonwd=\skip63
)
(/usr/share/texmf-dist/tex/generic/oberdiek/ifpdf.sty
Package: ifpdf 2018/09/07 v3.3 Provides the ifpdf switch
)
(/usr/share/texmf-dist/tex/latex/adjustbox/adjustbox.sty
Package: adjustbox 2019/01/04 v1.2 Adjusting TeX boxes (trim, clip, ...)

(/usr/share/texmf-dist/tex/latex/xkeyval/xkeyval.sty
Package: xkeyval 2014/12/03 v2.7a package option processing (HA)

(/usr/share/texmf-dist/tex/generic/xkeyval/xkeyval.tex
(/usr/share/texmf-dist/tex/generic/xkeyval/xkvutils.tex
\XKV@toks=\toks25
\XKV@tempa@toks=\toks26
)
\XKV@depth=\count111
File: xkeyval.tex 2014/12/03 v2.7a key=value parser (HA)
))
(/usr/share/texmf-dist/tex/latex/adjustbox/adjcalc.sty
Package: adjcalc 2012/05/16 v1.1 Provides advanced setlength with multiple back
-ends (calc, etex, pgfmath)
)
(/usr/share/texmf-dist/tex/latex/adjustbox/trimclip.sty
Package: trimclip 2018/04/08 v1.1 Trim and clip general TeX material

(/usr/share/texmf-dist/tex/latex/graphics/graphicx.sty
Package: graphicx 2017/06/01 v1.1a Enhanced LaTeX Graphics (DPC,SPQR)

(/usr/share/texmf-dist/tex/latex/graphics/graphics.sty
Package: graphics 2019/10/08 v1.3c Standard LaTeX Graphics (DPC,SPQR)

(/usr/share/texmf-dist/tex/latex/graphics/trig.sty
Package: trig 2016/01/03 v1.10 sin cos tan (DPC)
)
(/usr/share/texmf-dist/tex/latex/graphics-cfg/graphics.cfg
File: graphics.cfg 2016/06/04 v1.11 sample graphics configuration
)
Package graphics Info: Driver file: pdftex.def on input line 105.
)
\Gin@req@height=\dimen125
\Gin@req@width=\dimen126
)
(/usr/share/texmf-dist/tex/latex/collectbox/collectbox.sty
Package: collectbox 2012/05/17 v0.4b Collect macro arguments as boxes
\collectedbox=\box39
)
\tc@llx=\dimen127
\tc@lly=\dimen128
\tc@urx=\dimen129
\tc@ury=\dimen130
Package trimclip Info: Using driver 'tc-pdftex.def'.

(/usr/share/texmf-dist/tex/latex/adjustbox/tc-pdftex.def
File: tc-pdftex.def 2019/01/04 v2.2 Clipping driver for pdftex
))
\adjbox@Width=\dimen131
\adjbox@Height=\dimen132
\adjbox@Depth=\dimen133
\adjbox@Totalheight=\dimen134
\adjbox@pwidth=\dimen135
\adjbox@pheight=\dimen136
\adjbox@pdepth=\dimen137
\adjbox@ptotalheight=\dimen138

(/usr/share/texmf-dist/tex/latex/ifoddpage/ifoddpage.sty
Package: ifoddpage 2016/04/23 v1.1 Conditionals for odd/even page detection
\c@checkoddpage=\count112
))
(/usr/share/texmf-dist/tex/latex/amsfonts/amssymb.sty
Package: amssymb 2013/01/14 v3.01 AMS font symbols

(/usr/share/texmf-dist/tex/latex/amsfonts/amsfonts.sty
Package: amsfonts 2013/01/14 v3.01 Basic AMSFonts support
\@emptytoks=\toks27
\symAMSa=\mathgroup4
\symAMSb=\mathgroup5
LaTeX Font Info:    Redeclaring math symbol \hbar on input line 98.
LaTeX Font Info:    Overwriting math alphabet `\mathfrak' in version `bold'
(Font)                  U/euf/m/n --> U/euf/b/n on input line 106.
))
(/usr/share/texmf-dist/tex/latex/stackengine/stackengine.sty
Package: stackengine 2017/02/13 v4.01\ Stacking text and objects in convenient 
ways

(/usr/share/texmf-dist/tex/latex/etoolbox/etoolbox.sty
Package: etoolbox 2019/09/21 v2.5h e-TeX tools for LaTeX (JAW)
\etb@tempcnta=\count113
)
(/usr/share/texmf-dist/tex/generic/listofitems/listofitems.sty
(/usr/share/texmf-dist/tex/generic/listofitems/listofitems.tex
\loi_cnt_foreach_nest=\count114
\loi_nestcnt=\count115
)
Package: listofitems 2019/08/21 v1.63 Grab items in lists using user-specified 
sep char (CT)
)
\c@@stackindex=\count116
\@boxshift=\skip64
\stack@tmplength=\skip65
\temp@stkl=\skip66
\@stackedboxwidth=\skip67
\@addedbox=\box40
\@anchorbox=\box41
\stackedbox=\box42
\@centerbox=\box43
\c@ROWcellindex@=\count117
)
(/usr/share/texmf-dist/tex/generic/ulem/ulem.sty
\UL@box=\box44
\UL@hyphenbox=\box45
\UL@skip=\skip68
\UL@hook=\toks28
\UL@height=\dimen139
\UL@pe=\count118
\UL@pixel=\dimen140
\ULC@box=\box46
Package: ulem 2012/05/18
\ULdepth=\dimen141
)
\xrefbox=\box47
\xreflength=\skip69
\CodeWidthChar=\skip70
\CodeHeightChar=\skip71
\DoxyCodeWidth=\skip72
)
(/usr/share/texmf-dist/tex/latex/base/inputenc.sty
Package: inputenc 2018/08/11 v1.3c Input encoding file
\inpenc@prehook=\toks29
\inpenc@posthook=\toks30
)
(/usr/share/texmf-dist/tex/latex/base/makeidx.sty
Package: makeidx 2014/09/29 v1.0m Standard LaTeX package
)
(/usr/share/texmf-dist/tex/latex/tools/multicol.sty
Package: multicol 2019/03/01 v1.8w multicolumn formatting (FMi)
\c@tracingmulticols=\count119
\mult@box=\box48
\multicol@leftmargin=\dimen142
\c@unbalance=\count120
\c@collectmore=\count121
\doublecol@number=\count122
\multicoltolerance=\count123
\multicolpretolerance=\count124
\full@width=\dimen143
\page@free=\dimen144
\premulticols=\dimen145
\postmulticols=\dimen146
\multicolsep=\skip73
\multicolbaselineskip=\skip74
\partial@page=\box49
\last@line=\box50
\maxbalancingoverflow=\dimen147
\mult@rightbox=\box51
\mult@grightbox=\box52
\mult@gfirstbox=\box53
\mult@firstbox=\box54
\@tempa=\box55
\@tempa=\box56
\@tempa=\box57
\@tempa=\box58
\@tempa=\box59
\@tempa=\box60
\@tempa=\box61
\@tempa=\box62
\@tempa=\box63
\@tempa=\box64
\@tempa=\box65
\@tempa=\box66
\@tempa=\box67
\@tempa=\box68
\@tempa=\box69
\@tempa=\box70
\@tempa=\box71
\c@minrows=\count125
\c@columnbadness=\count126
\c@finalcolumnbadness=\count127
\last@try=\dimen148
\multicolovershoot=\dimen149
\multicolundershoot=\dimen150
\mult@nat@firstbox=\box72
\colbreak@box=\box73
\mc@col@check@num=\count128
)
(/usr/share/texmf-dist/tex/latex/base/textcomp.sty
Package: textcomp 2018/08/11 v2.0j Standard LaTeX package
Package textcomp Info: Sub-encoding information:
(textcomp)               5 = only ISO-Adobe without \textcurrency
(textcomp)               4 = 5 + \texteuro
(textcomp)               3 = 4 + \textohm
(textcomp)               2 = 3 + \textestimated + \textcurrency
(textcomp)               1 = TS1 - \textcircled - \t
(textcomp)               0 = TS1 (full)
(textcomp)             Font families with sub-encoding setting implement
(textcomp)             only a restricted character set as indicated.
(textcomp)             Family '?' is the default used for unknown fonts.
(textcomp)             See the documentation for details.
Package textcomp Info: Setting ? sub-encoding to TS1/1 on input line 79.

(/usr/share/texmf-dist/tex/latex/base/ts1enc.def
File: ts1enc.def 2001/06/05 v3.0e (jk/car/fm) Standard LaTeX file
Now handling font encoding TS1 ...
... processing UTF-8 mapping file for font encoding TS1

(/usr/share/texmf-dist/tex/latex/base/ts1enc.dfu
File: ts1enc.dfu 2019/07/11 v1.2j UTF-8 support for inputenc
   defining Unicode char U+00A2 (decimal 162)
   defining Unicode char U+00A3 (decimal 163)
   defining Unicode char U+00A4 (decimal 164)
   defining Unicode char U+00A5 (decimal 165)
   defining Unicode char U+00A6 (decimal 166)
   defining Unicode char U+00A7 (decimal 167)
   defining Unicode char U+00A8 (decimal 168)
   defining Unicode char U+00A9 (decimal 169)
   defining Unicode char U+00AA (decimal 170)
   defining Unicode char U+00AC (decimal 172)
   defining Unicode char U+00AE (decimal 174)
   defining Unicode char U+00AF (decimal 175)
   defining Unicode char U+00B0 (decimal 176)
   defining Unicode char U+00B1 (decimal 177)
   defining Unicode char U+00B2 (decimal 178)
   defining Unicode char U+00B3 (decimal 179)
   defining Unicode char U+00B4 (decimal 180)
   defining Unicode char U+00B5 (decimal 181)
   defining Unicode char U+00B6 (decimal 182)
   defining Unicode char U+00B7 (decimal 183)
   defining Unicode char U+00B9 (decimal 185)
   defining Unicode char U+00BA (decimal 186)
   defining Unicode char U+00BC (decimal 188)
   defining Unicode char U+00BD (decimal 189)
   defining Unicode char U+00BE (decimal 190)
   defining Unicode char U+00D7 (decimal 215)
   defining Unicode char U+00F7 (decimal 247)
   defining Unicode char U+0192 (decimal 402)
   defining Unicode char U+02C7 (decimal 711)
   defining Unicode char U+02D8 (decimal 728)
   defining Unicode char U+02DD (decimal 733)
   defining Unicode char U+0E3F (decimal 3647)
   defining Unicode char U+2016 (decimal 8214)
   defining Unicode char U+2020 (decimal 8224)
   defining Unicode char U+2021 (decimal 8225)
   defining Unicode char U+2022 (decimal 8226)
   defining Unicode char U+2030 (decimal 8240)
   defining Unicode char U+2031 (decimal 8241)
   defining Unicode char U+203B (decimal 8251)
   defining Unicode char U+203D (decimal 8253)
   defining Unicode char U+2044 (decimal 8260)
   defining Unicode char U+204E (decimal 8270)
   defining Unicode char U+2052 (decimal 8274)
   defining Unicode char U+20A1 (decimal 8353)
   defining Unicode char U+20A4 (decimal 8356)
   defining Unicode char U+20A6 (decimal 8358)
   defining Unicode char U+20A9 (decimal 8361)
   defining Unicode char U+20AB (decimal 8363)
   defining Unicode char U+20AC (decimal 8364)
   defining Unicode char U+20B1 (decimal 8369)
   defining Unicode char U+2103 (decimal 8451)
   defining Unicode char U+2116 (decimal 8470)
   defining Unicode char U+2117 (decimal 8471)
   defining Unicode char U+211E (decimal 8478)
   defining Unicode char U+2120 (decimal 8480)
   defining Unicode char U+2122 (decimal 8482)
   defining Unicode char U+2126 (decimal 8486)
   defining Unicode char U+2127 (decimal 8487)
   defining Unicode char U+212E (decimal 8494)
   defining Unicode char U+2190 (decimal 8592)
   defining Unicode char U+2191 (decimal 8593)
   defining Unicode char U+2192 (decimal 8594)
   defining Unicode char U+2193 (decimal 8595)
   defining Unicode char U+2329 (decimal 9001)
   defining Unicode char U+232A (decimal 9002)
   defining Unicode char U+2422 (decimal 9250)
   defining Unicode char U+25E6 (decimal 9702)
   defining Unicode char U+25EF (decimal 9711)
   defining Unicode char U+266A (decimal 9834)
   defining Unicode char U+27E8 (decimal 10216)
   defining Unicode char U+27E9 (decimal 10217)
   defining Unicode char U+FEFF (decimal 65279)
))
LaTeX Info: Redefining \oldstylenums on input line 334.
Package textcomp Info: Setting cmr sub-encoding to TS1/0 on input line 349.
Package textcomp Info: Setting cmss sub-encoding to TS1/0 on input line 350.
Package textcomp Info: Setting cmtt sub-encoding to TS1/0 on input line 351.
Package textcomp Info: Setting cmvtt sub-encoding to TS1/0 on input line 352.
Package textcomp Info: Setting cmbr sub-encoding to TS1/0 on input line 353.
Package textcomp Info: Setting cmtl sub-encoding to TS1/0 on input line 354.
Package textcomp Info: Setting ccr sub-encoding to TS1/0 on input line 355.
Package textcomp Info: Setting ptm sub-encoding to TS1/4 on input line 356.
Package textcomp Info: Setting pcr sub-encoding to TS1/4 on input line 357.
Package textcomp Info: Setting phv sub-encoding to TS1/4 on input line 358.
Package textcomp Info: Setting ppl sub-encoding to TS1/3 on input line 359.
Package textcomp Info: Setting pag sub-encoding to TS1/4 on input line 360.
Package textcomp Info: Setting pbk sub-encoding to TS1/4 on input line 361.
Package textcomp Info: Setting pnc sub-encoding to TS1/4 on input line 362.
Package textcomp Info: Setting pzc sub-encoding to TS1/4 on input line 363.
Package textcomp Info: Setting bch sub-encoding to TS1/4 on input line 364.
Package textcomp Info: Setting put sub-encoding to TS1/5 on input line 365.
Package textcomp Info: Setting uag sub-encoding to TS1/5 on input line 366.
Package textcomp Info: Setting ugq sub-encoding to TS1/5 on input line 367.
Package textcomp Info: Setting ul8 sub-encoding to TS1/4 on input line 368.
Package textcomp Info: Setting ul9 sub-encoding to TS1/4 on input line 369.
Package textcomp Info: Setting augie sub-encoding to TS1/5 on input line 370.
Package textcomp Info: Setting dayrom sub-encoding to TS1/3 on input line 371.
Package textcomp Info: Setting dayroms sub-encoding to TS1/3 on input line 372.

Package textcomp Info: Setting pxr sub-encoding to TS1/0 on input line 373.
Package textcomp Info: Setting pxss sub-encoding to TS1/0 on input line 374.
Package textcomp Info: Setting pxtt sub-encoding to TS1/0 on input line 375.
Package textcomp Info: Setting txr sub-encoding to TS1/0 on input line 376.
Package textcomp Info: Setting txss sub-encoding to TS1/0 on input line 377.
Package textcomp Info: Setting txtt sub-encoding to TS1/0 on input line 378.
Package textcomp Info: Setting lmr sub-encoding to TS1/0 on input line 379.
Package textcomp Info: Setting lmdh sub-encoding to TS1/0 on input line 380.
Package textcomp Info: Setting lmss sub-encoding to TS1/0 on input line 381.
Package textcomp Info: Setting lmssq sub-encoding to TS1/0 on input line 382.
Package textcomp Info: Setting lmvtt sub-encoding to TS1/0 on input line 383.
Package textcomp Info: Setting lmtt sub-encoding to TS1/0 on input line 384.
Package textcomp Info: Setting qhv sub-encoding to TS1/0 on input line 385.
Package textcomp Info: Setting qag sub-encoding to TS1/0 on input line 386.
Package textcomp Info: Setting qbk sub-encoding to TS1/0 on input line 387.
Package textcomp Info: Setting qcr sub-encoding to TS1/0 on input line 388.
Package textcomp Info: Setting qcs sub-encoding to TS1/0 on input line 389.
Package textcomp Info: Setting qpl sub-encoding to TS1/0 on input line 390.
Package textcomp Info: Setting qtm sub-encoding to TS1/0 on input line 391.
Package textcomp Info: Setting qzc sub-encoding to TS1/0 on input line 392.
Package textcomp Info: Setting qhvc sub-encoding to TS1/0 on input line 393.
Package textcomp Info: Setting futs sub-encoding to TS1/4 on input line 394.
Package textcomp Info: Setting futx sub-encoding to TS1/4 on input line 395.
Package textcomp Info: Setting futj sub-encoding to TS1/4 on input line 396.
Package textcomp Info: Setting hlh sub-encoding to TS1/3 on input line 397.
Package textcomp Info: Setting hls sub-encoding to TS1/3 on input line 398.
Package textcomp Info: Setting hlst sub-encoding to TS1/3 on input line 399.
Package textcomp Info: Setting hlct sub-encoding to TS1/5 on input line 400.
Package textcomp Info: Setting hlx sub-encoding to TS1/5 on input line 401.
Package textcomp Info: Setting hlce sub-encoding to TS1/5 on input line 402.
Package textcomp Info: Setting hlcn sub-encoding to TS1/5 on input line 403.
Package textcomp Info: Setting hlcw sub-encoding to TS1/5 on input line 404.
Package textcomp Info: Setting hlcf sub-encoding to TS1/5 on input line 405.
Package textcomp Info: Setting pplx sub-encoding to TS1/3 on input line 406.
Package textcomp Info: Setting pplj sub-encoding to TS1/3 on input line 407.
Package textcomp Info: Setting ptmx sub-encoding to TS1/4 on input line 408.
Package textcomp Info: Setting ptmj sub-encoding to TS1/4 on input line 409.
)
(/usr/share/texmf-dist/tex/latex/wasysym/wasysym.sty
Package: wasysym 2003/10/30 v2.0 Wasy-2 symbol support package
\symwasy=\mathgroup6
LaTeX Font Info:    Overwriting symbol font `wasy' in version `bold'
(Font)                  U/wasy/m/n --> U/wasy/b/n on input line 90.
)
(/usr/share/texmf-dist/tex/generic/ifxetex/ifxetex.sty
Package: ifxetex 2010/09/12 v0.6 Provides ifxetex conditional
)
(/usr/share/texmf-dist/tex/latex/base/fontenc.sty
Package: fontenc 2018/08/11 v2.0j Standard LaTeX package

(/usr/share/texmf-dist/tex/latex/base/t1enc.def
File: t1enc.def 2018/08/11 v2.0j Standard LaTeX file
LaTeX Font Info:    Redeclaring font encoding T1 on input line 48.
))
(/usr/share/texmf-dist/tex/latex/psnfss/helvet.sty
Package: helvet 2005/04/12 PSNFSS-v9.2a (WaS) 
)
(/usr/share/texmf-dist/tex/latex/psnfss/courier.sty
Package: courier 2005/04/12 PSNFSS-v9.2a (WaS) 
)
(/usr/share/texmf-dist/tex/latex/sectsty/sectsty.sty
Package: sectsty 2002/02/25 v2.0.2 Commands to change all sectional heading sty
les


LaTeX Warning: Command \underbar  has changed.
               Check if current package is valid.


LaTeX Warning: Command \underline  has changed.
               Check if current package is valid.

) (/usr/share/texmf-dist/tex/latex/geometry/geometry.sty
Package: geometry 2018/04/16 v5.8 Page Geometry

(/usr/share/texmf-dist/tex/generic/oberdiek/ifvtex.sty
Package: ifvtex 2016/05/16 v1.6 Detect VTeX and its facilities (HO)
Package ifvtex Info: VTeX not detected.
)
\Gm@cnth=\count129
\Gm@cntv=\count130
\c@Gm@tempcnt=\count131
\Gm@bindingoffset=\dimen151
\Gm@wd@mp=\dimen152
\Gm@odd@mp=\dimen153
\Gm@even@mp=\dimen154
\Gm@layoutwidth=\dimen155
\Gm@layoutheight=\dimen156
\Gm@layouthoffset=\dimen157
\Gm@layoutvoffset=\dimen158
\Gm@dimlist=\toks31
)
(/usr/share/texmf-dist/tex/latex/fancyhdr/fancyhdr.sty
Package: fancyhdr 2019/01/31 v3.10 Extensive control of page headers and footer
s
\f@nch@headwidth=\skip75
\f@nch@O@elh=\skip76
\f@nch@O@erh=\skip77
\f@nch@O@olh=\skip78
\f@nch@O@orh=\skip79
\f@nch@O@elf=\skip80
\f@nch@O@erf=\skip81
\f@nch@O@olf=\skip82
\f@nch@O@orf=\skip83
)
(/usr/share/texmf-dist/tex/latex/natbib/natbib.sty
Package: natbib 2010/09/13 8.31b (PWD, AO)
\bibhang=\skip84
\bibsep=\skip85
LaTeX Info: Redefining \cite on input line 694.
\c@NAT@ctr=\count132
)
(/usr/share/texmf-dist/tex/latex/tocloft/tocloft.sty
Package: tocloft 2017/08/31 v2.3i parameterised ToC, etc., typesetting
Package tocloft Info: The document has chapter divisions on input line 51.
\cftparskip=\skip86
\cftbeforetoctitleskip=\skip87
\cftaftertoctitleskip=\skip88
\cftbeforepartskip=\skip89
\cftpartnumwidth=\skip90
\cftpartindent=\skip91
\cftbeforechapskip=\skip92
\cftchapindent=\skip93
\cftchapnumwidth=\skip94
\cftbeforesecskip=\skip95
\cftsecindent=\skip96
\cftsecnumwidth=\skip97
\cftbeforesubsecskip=\skip98
\cftsubsecindent=\skip99
\cftsubsecnumwidth=\skip100
\cftbeforesubsubsecskip=\skip101
\cftsubsubsecindent=\skip102
\cftsubsubsecnumwidth=\skip103
\cftbeforeparaskip=\skip104
\cftparaindent=\skip105
\cftparanumwidth=\skip106
\cftbeforesubparaskip=\skip107
\cftsubparaindent=\skip108
\cftsubparanumwidth=\skip109
\cftbeforeloftitleskip=\skip110
\cftafterloftitleskip=\skip111
\cftbeforefigskip=\skip112
\cftfigindent=\skip113
\cftfignumwidth=\skip114
\c@lofdepth=\count133
\c@lotdepth=\count134
\cftbeforelottitleskip=\skip115
\cftafterlottitleskip=\skip116
\cftbeforetabskip=\skip117
\cfttabindent=\skip118
\cfttabnumwidth=\skip119
)
\@indexfile=\write4
\openout4 = `refman.idx'.


Writing index file refman.idx
(/usr/share/texmf-dist/tex/latex/newunicodechar/newunicodechar.sty
Package: newunicodechar 2018/04/08 v1.2 Defining Unicode characters
)

Package newunicodechar Warning: Redefining Unicode character on input line 116.



Package newunicodechar Warning: Redefining Unicode character on input line 117.


(/usr/share/texmf-dist/tex/latex/hyperref/hyperref.sty
Package: hyperref 2019/09/28 v7.00a Hypertext links for LaTeX

(/usr/share/texmf-dist/tex/generic/oberdiek/hobsub-hyperref.sty
Package: hobsub-hyperref 2016/05/16 v1.14 Bundle oberdiek, subset hyperref (HO)


(/usr/share/texmf-dist/tex/generic/oberdiek/hobsub-generic.sty
Package: hobsub-generic 2016/05/16 v1.14 Bundle oberdiek, subset generic (HO)
Package: hobsub 2016/05/16 v1.14 Construct package bundles (HO)
Package: infwarerr 2016/05/16 v1.4 Providing info/warning/error messages (HO)
Package: ltxcmds 2016/05/16 v1.23 LaTeX kernel commands for general use (HO)
Package: ifluatex 2016/05/16 v1.4 Provides the ifluatex switch (HO)
Package ifluatex Info: LuaTeX not detected.
Package hobsub Info: Skipping package `ifvtex' (already loaded).
Package: intcalc 2016/05/16 v1.2 Expandable calculations with integers (HO)
Package hobsub Info: Skipping package `ifpdf' (already loaded).
Package: etexcmds 2016/05/16 v1.6 Avoid name clashes with e-TeX commands (HO)
Package: kvsetkeys 2016/05/16 v1.17 Key value parser (HO)
Package: kvdefinekeys 2016/05/16 v1.4 Define keys (HO)
Package: pdftexcmds 2019/07/25 v0.30 Utility functions of pdfTeX for LuaTeX (HO
)
Package pdftexcmds Info: LuaTeX not detected.
Package pdftexcmds Info: \pdf@primitive is available.
Package pdftexcmds Info: \pdf@ifprimitive is available.
Package pdftexcmds Info: \pdfdraftmode found.
Package: pdfescape 2016/05/16 v1.14 Implements pdfTeX's escape features (HO)
Package: bigintcalc 2016/05/16 v1.4 Expandable calculations on big integers (HO
)
Package: bitset 2016/05/16 v1.2 Handle bit-vector datatype (HO)
Package: uniquecounter 2016/05/16 v1.3 Provide unlimited unique counter (HO)
)
Package hobsub Info: Skipping package `hobsub' (already loaded).
Package: letltxmacro 2016/05/16 v1.5 Let assignment for LaTeX macros (HO)
Package: hopatch 2016/05/16 v1.3 Wrapper for package hooks (HO)
Package: xcolor-patch 2016/05/16 xcolor patch
Package: atveryend 2016/05/16 v1.9 Hooks at the very end of document (HO)
Package: atbegshi 2016/06/09 v1.18 At begin shipout hook (HO)
Package: refcount 2016/05/16 v3.5 Data extraction from label references (HO)
Package: hycolor 2016/05/16 v1.8 Color options for hyperref/bookmark (HO)
)
(/usr/share/texmf-dist/tex/latex/oberdiek/auxhook.sty
Package: auxhook 2016/05/16 v1.4 Hooks for auxiliary files (HO)
)
(/usr/share/texmf-dist/tex/latex/oberdiek/kvoptions.sty
Package: kvoptions 2016/05/16 v3.12 Key value format for package options (HO)
)
\@linkdim=\dimen159
\Hy@linkcounter=\count135
\Hy@pagecounter=\count136

(/usr/share/texmf-dist/tex/latex/hyperref/pd1enc.def
File: pd1enc.def 2019/09/28 v7.00a Hyperref: PDFDocEncoding definition (HO)
Now handling font encoding PD1 ...
... no UTF-8 mapping file for font encoding PD1
)
\Hy@SavedSpaceFactor=\count137

(/usr/share/texmf-dist/tex/latex/latexconfig/hyperref.cfg
File: hyperref.cfg 2002/06/06 v1.2 hyperref configuration of TeXLive
)
Package hyperref Info: Hyper figures OFF on input line 4540.
Package hyperref Info: Link nesting OFF on input line 4545.
Package hyperref Info: Hyper index ON on input line 4548.
Package hyperref Info: Plain pages OFF on input line 4555.
Package hyperref Info: Backreferencing ON on input line 4558.
Package hyperref Info: Implicit mode ON; LaTeX internals redefined.
Package hyperref Info: Bookmarks ON on input line 4793.

(/usr/share/texmf-dist/tex/latex/hyperref/backref.sty
Package: backref 2016/05/21 v1.39 Bibliographical back referencing

(/usr/share/texmf-dist/tex/latex/oberdiek/rerunfilecheck.sty
Package: rerunfilecheck 2016/05/16 v1.8 Rerun checks for auxiliary files (HO)
Package uniquecounter Info: New unique counter `rerunfilecheck' on input line 2
82.
))
\c@Hy@tempcnt=\count138

(/usr/share/texmf-dist/tex/latex/url/url.sty
\Urlmuskip=\muskip10
Package: url 2013/09/16  ver 3.4  Verb mode for urls, etc.
)
LaTeX Info: Redefining \url on input line 5152.
\XeTeXLinkMargin=\dimen160
\Fld@menulength=\count139
\Field@Width=\dimen161
\Fld@charsize=\dimen162
Package hyperref Info: Hyper figures OFF on input line 6423.
Package hyperref Info: Link nesting OFF on input line 6428.
Package hyperref Info: Hyper index ON on input line 6431.
Package hyperref Info: backreferencing ON on input line 6436.
Package hyperref Info: Link coloring OFF on input line 6443.
Package hyperref Info: Link coloring with OCG OFF on input line 6448.
Package hyperref Info: PDF/A mode OFF on input line 6453.
LaTeX Info: Redefining \ref on input line 6493.
LaTeX Info: Redefining \pageref on input line 6497.
\Hy@abspage=\count140
\c@Item=\count141
\c@Hfootnote=\count142
)
Package hyperref Info: Driver: hpdftex.

(/usr/share/texmf-dist/tex/latex/hyperref/hpdftex.def
File: hpdftex.def 2019/09/28 v7.00a Hyperref driver for pdfTeX
\Fld@listcount=\count143
\c@bookmark@seq@number=\count144
\Hy@SectionHShift=\skip120
)
Package hyperref Info: Option `colorlinks' set `true' on input line 135.
Package hyperref Info: Option `unicode' set `true' on input line 135.

(/usr/share/texmf-dist/tex/latex/hyperref/puenc.def
File: puenc.def 2019/09/28 v7.00a Hyperref: PDF Unicode definition (HO)
Now handling font encoding PU ...
... no UTF-8 mapping file for font encoding PU
)
(/usr/share/texmf-dist/tex/latex/caption/caption.sty
Package: caption 2019/09/01 v3.3d Customizing captions (AR)

(/usr/share/texmf-dist/tex/latex/caption/caption3.sty
Package: caption3 2019/09/01 v1.8d caption3 kernel (AR)
Package caption3 Info: TeX engine: e-TeX on input line 64.
\captionmargin=\dimen163
\captionmargin@=\dimen164
\captionwidth=\dimen165
\caption@tempdima=\dimen166
\caption@indent=\dimen167
\caption@parindent=\dimen168
\caption@hangindent=\dimen169
)
\c@caption@flags=\count145
\c@ContinuedFloat=\count146
Package caption Info: float package is loaded.
Package caption Info: hyperref package is loaded.
Package caption Info: longtable package is loaded.

(/usr/share/texmf-dist/tex/latex/caption/ltcaption.sty
Package: ltcaption 2018/08/26 v1.4a longtable captions (AR)
))
(/usr/share/texmf-dist/tex/latex/etoc/etoc.sty
Package: etoc 2019/03/09 v1.09 Completely customisable TOCs (JFB)
\Etoc@toctoks=\toks32
\c@etoc@tocid=\count147
\c@etoc@tocdepth=\count148
\etoc@framed@titlebox=\box74
\etoc@framed@contentsbox=\box75
)
No file refman.aux.
\openout1 = `refman.aux'.

LaTeX Font Info:    Checking defaults for OML/cmm/m/it on input line 150.
LaTeX Font Info:    ... okay on input line 150.
LaTeX Font Info:    Checking defaults for T1/cmr/m/n on input line 150.
LaTeX Font Info:    ... okay on input line 150.
LaTeX Font Info:    Checking defaults for OT1/cmr/m/n on input line 150.
LaTeX Font Info:    ... okay on input line 150.
LaTeX Font Info:    Checking defaults for OMS/cmsy/m/n on input line 150.
LaTeX Font Info:    ... okay on input line 150.
LaTeX Font Info:    Checking defaults for OMX/cmex/m/n on input line 150.
LaTeX Font Info:    ... okay on input line 150.
LaTeX Font Info:    Checking defaults for U/cmr/m/n on input line 150.
LaTeX Font Info:    ... okay on input line 150.
LaTeX Font Info:    Checking defaults for TS1/cmr/m/n on input line 150.
LaTeX Font Info:    Trying to load font information for TS1+cmr on input line 1
50.
(/usr/share/texmf-dist/tex/latex/base/ts1cmr.fd
File: ts1cmr.fd 2014/09/29 v2.5h Standard LaTeX font definitions
)
LaTeX Font Info:    ... okay on input line 150.
LaTeX Font Info:    Checking defaults for PD1/pdf/m/n on input line 150.
LaTeX Font Info:    ... okay on input line 150.
LaTeX Font Info:    Checking defaults for PU/pdf/m/n on input line 150.
LaTeX Font Info:    ... okay on input line 150.
LaTeX Font Info:    Trying to load font information for T1+phv on input line 15
0.

(/usr/share/texmf-dist/tex/latex/psnfss/t1phv.fd
File: t1phv.fd 2001/06/04 scalable font definitions for T1/phv.
)
LaTeX Font Info:    Font shape `T1/phv/m/n' will be
(Font)              scaled to size 8.99994pt on input line 150.

(/usr/share/texmf-dist/tex/context/base/mkii/supp-pdf.mkii
[Loading MPS to PDF converter (version 2006.09.02).]
\scratchcounter=\count149
\scratchdimen=\dimen170
\scratchbox=\box76
\nofMPsegments=\count150
\nofMParguments=\count151
\everyMPshowfont=\toks33
\MPscratchCnt=\count152
\MPscratchDim=\dimen171
\MPnumerator=\count153
\makeMPintoPDFobject=\count154
\everyMPtoPDFconversion=\toks34
) (/usr/share/texmf-dist/tex/latex/oberdiek/epstopdf-base.sty
Package: epstopdf-base 2016/05/15 v2.6 Base part for package epstopdf

(/usr/share/texmf-dist/tex/latex/oberdiek/grfext.sty
Package: grfext 2016/05/16 v1.2 Manage graphics extensions (HO)
)
Package epstopdf-base Info: Redefining graphics rule for `.eps' on input line 4
38.
Package grfext Info: Graphics extension search list:
(grfext)             [.pdf,.png,.jpg,.mps,.jpeg,.jbig2,.jb2,.PDF,.PNG,.JPG,.JPE
G,.JBIG2,.JB2,.eps]
(grfext)             \AppendGraphicsExtensions on input line 456.

(/usr/share/texmf-dist/tex/latex/latexconfig/epstopdf-sys.cfg
File: epstopdf-sys.cfg 2010/07/13 v1.3 Configuration of (r)epstopdf for TeX Liv
e
))
*geometry* driver: auto-detecting
*geometry* detected driver: pdftex
*geometry* verbose mode - [ preamble ] result:
* driver: pdftex
* paper: a4paper
* layout: <same size as paper>
* layoutoffset:(h,v)=(0.0pt,0.0pt)
* modes: twoside 
* h-part:(L,W,R)=(71.13188pt, 455.24411pt, 71.13188pt)
* v-part:(T,H,B)=(71.13188pt, 702.78308pt, 71.13188pt)
* \paperwidth=597.50787pt
* \paperheight=845.04684pt
* \textwidth=455.24411pt
* \textheight=702.78308pt
* \oddsidemargin=-1.1381pt
* \evensidemargin=-1.1381pt
* \topmargin=-31.2056pt
* \headheight=12.0pt
* \headsep=18.06749pt
* \topskip=10.0pt
* \footskip=25.29494pt
* \marginparwidth=125.0pt
* \marginparsep=7.0pt
* \columnsep=10.0pt
* \skip\footins=9.0pt plus 4.0pt minus 2.0pt
* \hoffset=0.0pt
* \voffset=0.0pt
* \mag=1000
* \@twocolumnfalse
* \@twosidetrue
* \@mparswitchtrue
* \@reversemarginfalse
* (1in=72.27pt=25.4mm, 1cm=28.453pt)

\AtBeginShipoutBox=\box77
Package backref Info: ** backref set up for natbib ** on input line 150.
Package hyperref Info: Link coloring ON on input line 150.
(/usr/share/texmf-dist/tex/latex/hyperref/nameref.sty
Package: nameref 2019/09/16 v2.46 Cross-referencing by name of section

(/usr/share/texmf-dist/tex/generic/oberdiek/gettitlestring.sty
Package: gettitlestring 2016/05/16 v1.5 Cleanup title references (HO)
)
\c@section@level=\count155
)
LaTeX Info: Redefining \ref on input line 150.
LaTeX Info: Redefining \pageref on input line 150.
LaTeX Info: Redefining \nameref on input line 150.
\@outlinefile=\write5
\openout5 = `refman.out'.

Package caption Info: Begin \AtBeginDocument code.
Package caption Info: End \AtBeginDocument code.

No file refman.toc.
Package hyperref Info: Option `pageanchor' set `false' on input line 156.
Package hyperref Info: Option `bookmarksnumbered' set `true' on input line 156.

Package hyperref Info: Option `unicode' set `true' on input line 156.
LaTeX Font Info:    Font shape `T1/phv/m/n' will be
(Font)              scaled to size 12.9599pt on input line 161.
LaTeX Font Info:    Font shape `T1/phv/m/n' will be
(Font)              scaled to size 6.29996pt on input line 161.
LaTeX Font Info:    Trying to load font information for U+msa on input line 161
.
(/usr/share/texmf-dist/tex/latex/amsfonts/umsa.fd
File: umsa.fd 2013/01/14 v3.01 AMS symbols A
)
LaTeX Font Info:    Trying to load font information for U+msb on input line 161
.

(/usr/share/texmf-dist/tex/latex/amsfonts/umsb.fd
File: umsb.fd 2013/01/14 v3.01 AMS symbols B
)
LaTeX Font Info:    Trying to load font information for U+wasy on input line 16
1.

(/usr/share/texmf-dist/tex/latex/wasysym/uwasy.fd
File: uwasy.fd 2003/10/30 v2.0 Wasy-2 symbol font definitions
)
LaTeX Font Info:    Font shape `T1/phv/m/n' will be
(Font)              scaled to size 10.79993pt on input line 163.
 [1


{/var/lib/texmf/fonts/map/pdftex/updmap/pdftex.map}] [2

]
\tf@toc=\write6
\openout6 = `refman.toc'.

Package hyperref Info: Option `pageanchor' set `true' on input line 171.

Chapter 1.
LaTeX Font Info:    Font shape `T1/phv/m/n' will be
(Font)              scaled to size 18.66588pt on input line 174.
LaTeX Font Info:    Font shape `T1/phv/bx/n' in size <20.74> not available
(Font)              Font shape `T1/phv/b/n' tried instead on input line 174.
LaTeX Font Info:    Font shape `T1/phv/b/n' will be
(Font)              scaled to size 18.66588pt on input line 174.
LaTeX Font Info:    Font shape `T1/phv/bc/n' will be
(Font)              scaled to size 18.66588pt on input line 174.
LaTeX Font Info:    Font shape `T1/phv/m/n' will be
(Font)              scaled to size 22.39185pt on input line 174.
LaTeX Font Info:    Font shape `T1/phv/bx/n' in size <24.88> not available
(Font)              Font shape `T1/phv/b/n' tried instead on input line 174.
LaTeX Font Info:    Font shape `T1/phv/b/n' will be
(Font)              scaled to size 22.39185pt on input line 174.
LaTeX Font Info:    Font shape `T1/phv/bc/n' will be
(Font)              scaled to size 22.39185pt on input line 174.
(./namespaces.tex
LaTeX Font Info:    Font shape `T1/phv/bx/n' in size <14.4> not available
(Font)              Font shape `T1/phv/b/n' tried instead on input line 1.
LaTeX Font Info:    Font shape `T1/phv/b/n' will be
(Font)              scaled to size 12.9599pt on input line 1.
LaTeX Font Info:    Font shape `T1/phv/bx/n' in size <10> not available
(Font)              Font shape `T1/phv/b/n' tried instead on input line 3.
LaTeX Font Info:    Font shape `T1/phv/b/n' will be
(Font)              scaled to size 8.99994pt on input line 3.


LaTeX Warning: Reference `namespaceanonymous__namespace_02available_8cpp_03' on
 page 1 undefined on input line 3.


LaTeX Warning: Reference `namespaceanonymous__namespace_02liveness_8cpp_03' on 
page 1 undefined on input line 4.


LaTeX Warning: Reference `namespacellvm' on page 1 undefined on input line 5.

) [1


]
LaTeX Font Info:    Font shape `T1/phv/bx/n' in size <7> not available
(Font)              Font shape `T1/phv/b/n' tried instead on input line 176.
LaTeX Font Info:    Font shape `T1/phv/b/n' will be
(Font)              scaled to size 6.29996pt on input line 176.
 [2

]
Chapter 2.
(./hierarchy.tex

LaTeX Warning: Reference `classllvm_1_1BaseTransferFunction' on page 3 undefine
d on input line 3.


LaTeX Warning: Reference `classllvm_1_1BBInOutBits' on page 3 undefined on inpu
t line 4.


LaTeX Warning: Reference `classllvm_1_1DataflowFramework' on page 3 undefined o
n input line 5.


LaTeX Warning: Reference `classllvm_1_1Expression' on page 3 undefined on input
 line 6.


LaTeX Warning: Reference `classanonymous__namespace_02available_8cpp_03_1_1Avai
lableExpressions' on page 3 undefined on input line 8.


LaTeX Warning: Reference `classanonymous__namespace_02liveness_8cpp_03_1_1Liven
ess' on page 3 undefined on input line 9.


LaTeX Warning: Reference `classIMeetOp' on page 3 undefined on input line 11.


LaTeX Warning: Reference `classIntersectionMeet' on page 3 undefined on input l
ine 13.


LaTeX Warning: Reference `classUnionMeet' on page 3 undefined on input line 14.



LaTeX Warning: Reference `classllvm_1_1KillGen' on page 3 undefined on input li
ne 16.


LaTeX Warning: Reference `classllvm_1_1KillGen' on page 3 undefined on input li
ne 17.


LaTeX Warning: Reference `classanonymous__namespace_02available_8cpp_03_1_1Kill
GenEval' on page 3 undefined on input line 19.


LaTeX Warning: Reference `classllvm_1_1KillGen' on page 3 undefined on input li
ne 21.


LaTeX Warning: Reference `classanonymous__namespace_02liveness_8cpp_03_1_1KillG
enLive' on page 3 undefined on input line 23.


LaTeX Warning: Reference `classanonymous__namespace_02liveness_8cpp_03_1_1Liven
ess' on page 3 undefined on input line 25.

) [3] [4

]
Chapter 3.
(./annotated.tex

LaTeX Warning: Reference `classanonymous__namespace_02available_8cpp_03_1_1Avai
lableExpressions' on page 5 undefined on input line 3.


LaTeX Warning: Reference `classllvm_1_1BaseTransferFunction' on page 5 undefine
d on input line 4.


LaTeX Warning: Reference `classllvm_1_1BBInOutBits' on page 5 undefined on inpu
t line 5.


LaTeX Warning: Reference `classllvm_1_1DataflowFramework' on page 5 undefined o
n input line 6.


LaTeX Warning: Reference `classllvm_1_1Expression' on page 5 undefined on input
 line 7.


LaTeX Warning: Reference `classIMeetOp' on page 5 undefined on input line 8.


LaTeX Warning: Reference `classIntersectionMeet' on page 5 undefined on input l
ine 9.


LaTeX Warning: Reference `classllvm_1_1KillGen' on page 5 undefined on input li
ne 10.


LaTeX Warning: Reference `classanonymous__namespace_02available_8cpp_03_1_1Kill
GenEval' on page 5 undefined on input line 11.


LaTeX Warning: Reference `classanonymous__namespace_02liveness_8cpp_03_1_1KillG
enLive' on page 5 undefined on input line 12.


LaTeX Warning: Reference `classanonymous__namespace_02liveness_8cpp_03_1_1Liven
ess' on page 5 undefined on input line 13.


LaTeX Warning: Reference `classUnionMeet' on page 5 undefined on input line 14.


) [5] [6

]
Chapter 4.
(./files.tex

LaTeX Warning: Reference `available-support_8cpp' on page 7 undefined on input 
line 3.


LaTeX Warning: Reference `available-support_8h' on page 7 undefined on input li
ne 4.


LaTeX Warning: Reference `available_8cpp' on page 7 undefined on input line 5.


LaTeX Warning: Reference `liveness-support_8cpp' on page 7 undefined on input l
ine 6.


LaTeX Warning: Reference `liveness-support_8h' on page 7 undefined on input lin
e 7.


LaTeX Warning: Reference `liveness_8cpp' on page 7 undefined on input line 8.


LaTeX Warning: Reference `BaseTransferFunction_8cpp' on page 7 undefined on inp
ut line 9.


LaTeX Warning: Reference `dataflow_8cpp' on page 7 undefined on input line 10.


LaTeX Warning: Reference `IntersectionMeet_8cpp' on page 7 undefined on input l
ine 11.


LaTeX Warning: Reference `KillGen_8cpp' on page 7 undefined on input line 12.


LaTeX Warning: Reference `UnionMeet_8cpp' on page 7 undefined on input line 13.



LaTeX Warning: Reference `BaseTransferFunction_8h' on page 7 undefined on input
 line 14.


LaTeX Warning: Reference `dataflow_8h' on page 7 undefined on input line 15.


LaTeX Warning: Reference `IntersectionMeet_8h' on page 7 undefined on input lin
e 16.


LaTeX Warning: Reference `KillGen_8h' on page 7 undefined on input line 17.


LaTeX Warning: Reference `MeetOpInterface_8h' on page 7 undefined on input line
 18.


LaTeX Warning: Reference `UnionMeet_8h' on page 7 undefined on input line 19.


LaTeX Warning: Reference `test_8c' on page 7 undefined on input line 20.

) [7] [8

]
Chapter 5.
(./namespaceanonymous__namespace_02available_8cpp_03.tex
LaTeX Font Info:    Font shape `T1/phv/bx/n' in size <12> not available
(Font)              Font shape `T1/phv/b/n' tried instead on input line 3.
LaTeX Font Info:    Font shape `T1/phv/b/n' will be
(Font)              scaled to size 10.79993pt on input line 3.
LaTeX Font Info:    Trying to load font information for TS1+phv on input line 6
.

(/usr/share/texmf-dist/tex/latex/psnfss/ts1phv.fd
File: ts1phv.fd 2001/06/04 scalable font definitions for TS1/phv.
)
LaTeX Font Info:    Font shape `TS1/phv/m/n' will be
(Font)              scaled to size 8.99994pt on input line 6.
LaTeX Font Info:    Font shape `T1/phv/m/n' will be
(Font)              scaled to size 7.19995pt on input line 22.
LaTeX Font Info:    Trying to load font information for T1+pcr on input line 22
.

(/usr/share/texmf-dist/tex/latex/psnfss/t1pcr.fd
File: t1pcr.fd 2001/06/04 font definitions for T1/pcr.
)
LaTeX Font Info:    Font shape `T1/pcr/m/it' in size <8> not available
(Font)              Font shape `T1/pcr/m/sl' tried instead on input line 22.
)
(./namespaceanonymous__namespace_02liveness_8cpp_03.tex [9])
(./namespacellvm.tex
LaTeX Font Info:    Font shape `T1/phv/m/n' will be
(Font)              scaled to size 8.09995pt on input line 7.
LaTeX Font Info:    Font shape `T1/phv/m/it' in size <9> not available
(Font)              Font shape `T1/phv/m/sl' tried instead on input line 7.
LaTeX Font Info:    Font shape `T1/phv/m/sl' will be
(Font)              scaled to size 8.09995pt on input line 7.
) [10]
Chapter 6.
(./classanonymous__namespace_02available_8cpp_03_1_1AvailableExpressions.tex <.
/classanonymous__namespace_02available_8cpp_03_1_1AvailableExpressions__inherit
__graph.pdf

pdfTeX warning: /usr/bin/pdflatex (file ./classanonymous__namespace_02available
_8cpp_03_1_1AvailableExpressions__inherit__graph.pdf): PDF inclusion: multiple 
pdfs with page group included in a single page
>
<classanonymous__namespace_02available_8cpp_03_1_1AvailableExpressions__inherit
__graph.pdf, id=180, 225.84375pt x 277.035pt>
File: classanonymous__namespace_02available_8cpp_03_1_1AvailableExpressions__in
herit__graph.pdf Graphic file (type pdf)
<use classanonymous__namespace_02available_8cpp_03_1_1AvailableExpressions__inh
erit__graph.pdf>
Package pdftex.def Info: classanonymous__namespace_02available_8cpp_03_1_1Avail
ableExpressions__inherit__graph.pdf  used on input line 10.
(pdftex.def)             Requested size: 225.0pt x 276.01555pt.
 <./classanonymous__namespace_02available_8cpp_03_1_1AvailableExpressions__coll
__graph.pdf

pdfTeX warning: /usr/bin/pdflatex (file ./classanonymous__namespace_02available
_8cpp_03_1_1AvailableExpressions__coll__graph.pdf): PDF inclusion: multiple pdf
s with page group included in a single page
>
<classanonymous__namespace_02available_8cpp_03_1_1AvailableExpressions__coll__g
raph.pdf, id=188, 225.84375pt x 277.035pt>
File: classanonymous__namespace_02available_8cpp_03_1_1AvailableExpressions__co
ll__graph.pdf Graphic file (type pdf)
<use classanonymous__namespace_02available_8cpp_03_1_1AvailableExpressions__col
l__graph.pdf>
Package pdftex.def Info: classanonymous__namespace_02available_8cpp_03_1_1Avail
ableExpressions__coll__graph.pdf  used on input line 20.
(pdftex.def)             Requested size: 225.0pt x 276.01555pt.

Underfull \vbox (badness 3009) has occurred while \output is active []

 [11

]
[12]) (./classllvm_1_1BaseTransferFunction.tex <./classllvm_1_1BaseTransferFunc
tion__coll__graph.pdf>
<classllvm_1_1BaseTransferFunction__coll__graph.pdf, id=225, 229.85875pt x 138.
5175pt>
File: classllvm_1_1BaseTransferFunction__coll__graph.pdf Graphic file (type pdf
)
<use classllvm_1_1BaseTransferFunction__coll__graph.pdf>
Package pdftex.def Info: classllvm_1_1BaseTransferFunction__coll__graph.pdf  us
ed on input line 19.
(pdftex.def)             Requested size: 229.0pt x 138.00777pt.
LaTeX Font Info:    Font shape `T1/phv/m/it' in size <7> not available
(Font)              Font shape `T1/phv/m/sl' tried instead on input line 26.
LaTeX Font Info:    Font shape `T1/phv/m/sl' will be
(Font)              scaled to size 6.29996pt on input line 26.
 [13]
LaTeX Font Info:    Font shape `T1/pcr/m/it' in size <7> not available
(Font)              Font shape `T1/pcr/m/sl' tried instead on input line 37.


Package longtable Warning: Column widths have changed
(longtable)                in table 6.1 on input line 51.


Underfull \hbox (badness 10000) detected at line 52
[][][]
 []

) (./classllvm_1_1BBInOutBits.tex <./classllvm_1_1BBInOutBits__coll__graph.pdf>
<classllvm_1_1BBInOutBits__coll__graph.pdf, id=255, 183.68625pt x 149.55875pt>
File: classllvm_1_1BBInOutBits__coll__graph.pdf Graphic file (type pdf)
<use classllvm_1_1BBInOutBits__coll__graph.pdf>
Package pdftex.def Info: classllvm_1_1BBInOutBits__coll__graph.pdf  used on inp
ut line 14.
(pdftex.def)             Requested size: 183.0pt x 149.01067pt.
[14]) (./classllvm_1_1DataflowFramework.tex

Package hyperref Warning: Token not allowed in a PDF string (Unicode):
(hyperref)                removing `math shift' on input line 1.


Package hyperref Warning: Token not allowed in a PDF string (Unicode):
(hyperref)                removing `math shift' on input line 1.


Package hyperref Warning: Token not allowed in a PDF string (Unicode):
(hyperref)                removing `math shift' on input line 1.


Package hyperref Warning: Token not allowed in a PDF string (Unicode):
(hyperref)                removing `math shift' on input line 1.

[15] <./classllvm_1_1DataflowFramework__coll__graph.pdf>
<classllvm_1_1DataflowFramework__coll__graph.pdf, id=304, 341.275pt x 387.4475p
t>
File: classllvm_1_1DataflowFramework__coll__graph.pdf Graphic file (type pdf)
<use classllvm_1_1DataflowFramework__coll__graph.pdf>
Package pdftex.def Info: classllvm_1_1DataflowFramework__coll__graph.pdf  used 
on input line 14.
(pdftex.def)             Requested size: 340.0pt x 386.02176pt.
 [16]
LaTeX Font Info:    Font shape `TS1/phv/m/it' in size <9> not available
(Font)              Font shape `TS1/phv/m/sl' tried instead on input line 34.
LaTeX Font Info:    Font shape `TS1/phv/m/sl' will be
(Font)              scaled to size 8.09995pt on input line 34.
 [17]

Package longtable Warning: Column widths have changed
(longtable)                in table 6.2 on input line 105.


Package longtable Warning: Column widths have changed
(longtable)                in table 6.3 on input line 112.


Underfull \hbox (badness 10000) detected at line 113
[][][]
 []

[18]

Package longtable Warning: Column widths have changed
(longtable)                in table 6.4 on input line 131.


Package longtable Warning: Column widths have changed
(longtable)                in table 6.5 on input line 138.


Underfull \hbox (badness 10000) detected at line 139
[][][]
 []


Package longtable Warning: Column widths have changed
(longtable)                in table 6.6 on input line 157.


Package longtable Warning: Column widths have changed
(longtable)                in table 6.7 on input line 164.

[19]) (./classllvm_1_1Expression.tex <./classllvm_1_1Expression__coll__graph.pd
f

pdfTeX warning: /usr/bin/pdflatex (file ./classllvm_1_1Expression__coll__graph.
pdf): PDF inclusion: multiple pdfs with page group included in a single page
>
<classllvm_1_1Expression__coll__graph.pdf, id=447, 178.6675pt x 237.88875pt>
File: classllvm_1_1Expression__coll__graph.pdf Graphic file (type pdf)
<use classllvm_1_1Expression__coll__graph.pdf>
Package pdftex.def Info: classllvm_1_1Expression__coll__graph.pdf  used on inpu
t line 14.
(pdftex.def)             Requested size: 178.0pt x 237.01334pt.
 [20]
LaTeX Font Info:    Font shape `T1/phv/bx/n' in size <8> not available
(Font)              Font shape `T1/phv/b/n' tried instead on input line 51.
LaTeX Font Info:    Font shape `T1/phv/b/n' will be
(Font)              scaled to size 7.19995pt on input line 51.
LaTeX Font Info:    Font shape `T1/pcr/bx/n' in size <8> not available
(Font)              Font shape `T1/pcr/b/n' tried instead on input line 51.
 [21] [22pdfTeX warning (ext4): destination with the same identifier (name{clas
sllvm_1_1Expression_ac36e629006ef7b98ca5b1af26269f029}) has been already used, 
duplicate ignored

\AtBegShi@Output ...ipout \box \AtBeginShipoutBox 
                                                  \fi \fi 
l.105 \doxysubsubsection
                        {\texorpdfstring{op}{op}}pdfTeX warning (ext4): destina
tion with the same identifier (name{classllvm_1_1Expression_afe0c4ef975f4f8c144
fa17d3268a36ff}) has been already used, duplicate ignored

\AtBegShi@Output ...ipout \box \AtBeginShipoutBox 
                                                  \fi \fi 
l.105 \doxysubsubsection
                        {\texorpdfstring{op}{op}}pdfTeX warning (ext4): destina
tion with the same identifier (name{classllvm_1_1Expression_a5247e5a41b8c5e51f9
dd57d5fb60e9b7}) has been already used, duplicate ignored

\AtBegShi@Output ...ipout \box \AtBeginShipoutBox 
                                                  \fi \fi 
l.105 \doxysubsubsection
                        {\texorpdfstring{op}{op}}]) (./classIMeetOp.tex <./clas
sIMeetOp__inherit__graph.pdf

pdfTeX warning: /usr/bin/pdflatex (file ./classIMeetOp__inherit__graph.pdf): PD
F inclusion: multiple pdfs with page group included in a single page
>
<classIMeetOp__inherit__graph.pdf, id=520, 309.155pt x 299.1175pt>
File: classIMeetOp__inherit__graph.pdf Graphic file (type pdf)
<use classIMeetOp__inherit__graph.pdf>
Package pdftex.def Info: classIMeetOp__inherit__graph.pdf  used on input line 1
4.
(pdftex.def)             Requested size: 308.0pt x 298.02592pt.
 [23pdfTeX warning (ext4): destination with the same identifier (name{classllvm
_1_1Expression_a9e5fa6db2df352bfa44c8f8063251bb1}) has been already used, dupli
cate ignored

\AtBegShi@Output ...ipout \box \AtBeginShipoutBox 
                                                  \fi \fi 
l.17 
     ] <./classIMeetOp__coll__graph.pdf

pdfTeX warning: /usr/bin/pdflatex (file ./classIMeetOp__coll__graph.pdf): PDF i
nclusion: multiple pdfs with page group included in a single page
>
<classIMeetOp__coll__graph.pdf, id=539, 172.645pt x 160.6pt>
File: classIMeetOp__coll__graph.pdf Graphic file (type pdf)
<use classIMeetOp__coll__graph.pdf>
Package pdftex.def Info: classIMeetOp__coll__graph.pdf  used on input line 24.
(pdftex.def)             Requested size: 172.0pt x 160.00165pt.

Underfull \hbox (badness 2393) in paragraph at lines 30--32
[]\T1/phv/m/n/10 virtual std[]::bitset$\OML/cmm/m/it/10 <$ [] $>$ [] \T1/phv/m/
n/10 (std[]::bitset$\OML/cmm/m/it/10 <$ [] $>$ \T1/phv/m/n/10 in-put1, std[]::b
itset$\OML/cmm/m/it/10 <$
 []

[24]) (./classIntersectionMeet.tex <./classIntersectionMeet__inherit__graph.pdf
>
<classIntersectionMeet__inherit__graph.pdf, id=582, 198.7425pt x 299.1175pt>
File: classIntersectionMeet__inherit__graph.pdf Graphic file (type pdf)
<use classIntersectionMeet__inherit__graph.pdf>
Package pdftex.def Info: classIntersectionMeet__inherit__graph.pdf  used on inp
ut line 14.
(pdftex.def)             Requested size: 198.0pt x 298.00766pt.
 [25] <./classIntersectionMeet__coll__graph.pdf

pdfTeX warning: /usr/bin/pdflatex (file ./classIntersectionMeet__coll__graph.pd
f): PDF inclusion: multiple pdfs with page group included in a single page
>
<classIntersectionMeet__coll__graph.pdf, id=608, 198.7425pt x 299.1175pt>
File: classIntersectionMeet__coll__graph.pdf Graphic file (type pdf)
<use classIntersectionMeet__coll__graph.pdf>
Package pdftex.def Info: classIntersectionMeet__coll__graph.pdf  used on input 
line 24.
(pdftex.def)             Requested size: 198.0pt x 298.00766pt.

Underfull \vbox (badness 10000) has occurred while \output is active []

 [26]
Underfull \hbox (badness 2970) in paragraph at lines 36--38
[]\T1/phv/m/n/10 std[]::bitset$\OML/cmm/m/it/10 <$ [] $>$ [] \T1/phv/m/n/10 (st
d[]::bitset$\OML/cmm/m/it/10 <$ [] $>$ \T1/phv/m/n/10 ip1, std[]::bitset$\OML/c
mm/m/it/10 <$
 []

[27]) (./classllvm_1_1KillGen.tex

Package hyperref Warning: Token not allowed in a PDF string (Unicode):
(hyperref)                removing `math shift' on input line 1.


Package hyperref Warning: Token not allowed in a PDF string (Unicode):
(hyperref)                removing `math shift' on input line 1.


Package hyperref Warning: Token not allowed in a PDF string (Unicode):
(hyperref)                removing `math shift' on input line 1.


Package hyperref Warning: Token not allowed in a PDF string (Unicode):
(hyperref)                removing `math shift' on input line 1.

 <./classllvm_1_1KillGen__inherit__graph.pdf>
<classllvm_1_1KillGen__inherit__graph.pdf, id=663, 407.5225pt x 533.995pt>
File: classllvm_1_1KillGen__inherit__graph.pdf Graphic file (type pdf)
<use classllvm_1_1KillGen__inherit__graph.pdf>
Package pdftex.def Info: classllvm_1_1KillGen__inherit__graph.pdf  used on inpu
t line 14.
(pdftex.def)             Requested size: 350.0pt x 458.64009pt.
 [28] <./classllvm_1_1KillGen__coll__graph.pdf

pdfTeX warning: /usr/bin/pdflatex (file ./classllvm_1_1KillGen__coll__graph.pdf
): PDF inclusion: multiple pdfs with page group included in a single page
>
<classllvm_1_1KillGen__coll__graph.pdf, id=679, 190.7125pt x 149.55875pt>
File: classllvm_1_1KillGen__coll__graph.pdf Graphic file (type pdf)
<use classllvm_1_1KillGen__coll__graph.pdf>
Package pdftex.def Info: classllvm_1_1KillGen__coll__graph.pdf  used on input l
ine 24.
(pdftex.def)             Requested size: 190.0pt x 149.0061pt.

Underfull \vbox (badness 10000) has occurred while \output is active []

 [29]
Overfull \hbox (41.9271pt too wide) in paragraph at lines 46--47
[]\T1/phv/m/n/10 Implemented in [], and []. 
 []


Overfull \hbox (41.9271pt too wide) in paragraph at lines 57--58
[]\T1/phv/m/n/10 Implemented in [], and []. 
 []

) (./classanonymous__namespace_02available_8cpp_03_1_1KillGenEval.tex <./classa
nonymous__namespace_02available_8cpp_03_1_1KillGenEval__inherit__graph.pdf>
<classanonymous__namespace_02available_8cpp_03_1_1KillGenEval__inherit__graph.p
df, id=712, 237.88875pt x 394.47375pt>
File: classanonymous__namespace_02available_8cpp_03_1_1KillGenEval__inherit__gr
aph.pdf Graphic file (type pdf)
<use classanonymous__namespace_02available_8cpp_03_1_1KillGenEval__inherit__gra
ph.pdf>
Package pdftex.def Info: classanonymous__namespace_02available_8cpp_03_1_1KillG
enEval__inherit__graph.pdf  used on input line 10.
(pdftex.def)             Requested size: 237.0pt x 393.01613pt.

[30] <./classanonymous__namespace_02available_8cpp_03_1_1KillGenEval__coll__gra
ph.pdf>
<classanonymous__namespace_02available_8cpp_03_1_1KillGenEval__coll__graph.pdf,
 id=737, 237.88875pt x 394.47375pt>
File: classanonymous__namespace_02available_8cpp_03_1_1KillGenEval__coll__graph
.pdf Graphic file (type pdf)
<use classanonymous__namespace_02available_8cpp_03_1_1KillGenEval__coll__graph.
pdf>
Package pdftex.def Info: classanonymous__namespace_02available_8cpp_03_1_1KillG
enEval__coll__graph.pdf  used on input line 20.
(pdftex.def)             Requested size: 237.0pt x 393.01613pt.

Underfull \vbox (badness 10000) has occurred while \output is active []

 [31]
[32]) (./classanonymous__namespace_02liveness_8cpp_03_1_1KillGenLive.tex <./cla
ssanonymous__namespace_02liveness_8cpp_03_1_1KillGenLive__inherit__graph.pdf>
<classanonymous__namespace_02liveness_8cpp_03_1_1KillGenLive__inherit__graph.pd
f, id=780, 231.86626pt x 533.995pt>
File: classanonymous__namespace_02liveness_8cpp_03_1_1KillGenLive__inherit__gra
ph.pdf Graphic file (type pdf)
<use classanonymous__namespace_02liveness_8cpp_03_1_1KillGenLive__inherit__grap
h.pdf>
Package pdftex.def Info: classanonymous__namespace_02liveness_8cpp_03_1_1KillGe
nLive__inherit__graph.pdf  used on input line 10.
(pdftex.def)             Requested size: 231.0pt x 532.0137pt.

Underfull \vbox (badness 3000) has occurred while \output is active []

 [33] <./classanonymous__namespace_02liveness_8cpp_03_1_1KillGenLive__coll__gra
ph.pdf

pdfTeX warning: /usr/bin/pdflatex (file ./classanonymous__namespace_02liveness_
8cpp_03_1_1KillGenLive__coll__graph.pdf): PDF inclusion: multiple pdfs with pag
e group included in a single page
>
<classanonymous__namespace_02liveness_8cpp_03_1_1KillGenLive__coll__graph.pdf, 
id=795, 231.86626pt x 394.47375pt>
File: classanonymous__namespace_02liveness_8cpp_03_1_1KillGenLive__coll__graph.
pdf Graphic file (type pdf)
<use classanonymous__namespace_02liveness_8cpp_03_1_1KillGenLive__coll__graph.p
df>
Package pdftex.def Info: classanonymous__namespace_02liveness_8cpp_03_1_1KillGe
nLive__coll__graph.pdf  used on input line 20.
(pdftex.def)             Requested size: 231.0pt x 393.01012pt.

Underfull \vbox (badness 10000) has occurred while \output is active []

 [34]
[35]) (./classanonymous__namespace_02liveness_8cpp_03_1_1Liveness.tex <./classa
nonymous__namespace_02liveness_8cpp_03_1_1Liveness__inherit__graph.pdf>
<classanonymous__namespace_02liveness_8cpp_03_1_1Liveness__inherit__graph.pdf, 
id=835, 348.30125pt x 533.995pt>
File: classanonymous__namespace_02liveness_8cpp_03_1_1Liveness__inherit__graph.
pdf Graphic file (type pdf)
<use classanonymous__namespace_02liveness_8cpp_03_1_1Liveness__inherit__graph.p
df>
Package pdftex.def Info: classanonymous__namespace_02liveness_8cpp_03_1_1Livene
ss__inherit__graph.pdf  used on input line 10.
(pdftex.def)             Requested size: 347.0pt x 532.02185pt.

Underfull \vbox (badness 3000) has occurred while \output is active []

 [36] <./classanonymous__namespace_02liveness_8cpp_03_1_1Liveness__coll__graph.
pdf

pdfTeX warning: /usr/bin/pdflatex (file ./classanonymous__namespace_02liveness_
8cpp_03_1_1Liveness__coll__graph.pdf): PDF inclusion: multiple pdfs with page g
roup included in a single page
>
<classanonymous__namespace_02liveness_8cpp_03_1_1Liveness__coll__graph.pdf, id=
850, 348.30125pt x 533.995pt>
File: classanonymous__namespace_02liveness_8cpp_03_1_1Liveness__coll__graph.pdf
 Graphic file (type pdf)
<use classanonymous__namespace_02liveness_8cpp_03_1_1Liveness__coll__graph.pdf>

Package pdftex.def Info: classanonymous__namespace_02liveness_8cpp_03_1_1Livene
ss__coll__graph.pdf  used on input line 20.
(pdftex.def)             Requested size: 347.0pt x 532.02185pt.

Underfull \vbox (badness 10000) has occurred while \output is active []

 [37]
[38]) (./classUnionMeet.tex <./classUnionMeet__inherit__graph.pdf>
<classUnionMeet__inherit__graph.pdf, id=884, 172.645pt x 299.1175pt>
File: classUnionMeet__inherit__graph.pdf Graphic file (type pdf)
<use classUnionMeet__inherit__graph.pdf>
Package pdftex.def Info: classUnionMeet__inherit__graph.pdf  used on input line
 14.
(pdftex.def)             Requested size: 172.0pt x 298.0031pt.
 [39] <./classUnionMeet__coll__graph.pdf

pdfTeX warning: /usr/bin/pdflatex (file ./classUnionMeet__coll__graph.pdf): PDF
 inclusion: multiple pdfs with page group included in a single page
>
<classUnionMeet__coll__graph.pdf, id=906, 172.645pt x 299.1175pt>
File: classUnionMeet__coll__graph.pdf Graphic file (type pdf)
<use classUnionMeet__coll__graph.pdf>
Package pdftex.def Info: classUnionMeet__coll__graph.pdf  used on input line 24
.
(pdftex.def)             Requested size: 172.0pt x 298.0031pt.

Underfull \vbox (badness 10000) has occurred while \output is active []

 [40]
[41]) [42]
Chapter 7.
(./available-support_8cpp.tex <./available-support_8cpp__incl.pdf

pdfTeX warning: /usr/bin/pdflatex (file ./available-support_8cpp__incl.pdf): PD
F inclusion: multiple pdfs with page group included in a single page
>
<available-support_8cpp__incl.pdf, id=970, 982.67125pt x 212.795pt>
File: available-support_8cpp__incl.pdf Graphic file (type pdf)
<use available-support_8cpp__incl.pdf>
Package pdftex.def Info: available-support_8cpp__incl.pdf  used on input line 9
.
(pdftex.def)             Requested size: 350.0pt x 75.79114pt.
) (./available-support_8h.tex <./available-support_8h__incl.pdf

pdfTeX warning: /usr/bin/pdflatex (file ./available-support_8h__incl.pdf): PDF 
inclusion: multiple pdfs with page group included in a single page
>
<available-support_8h__incl.pdf, id=981, 982.67125pt x 156.585pt>
File: available-support_8h__incl.pdf Graphic file (type pdf)
<use available-support_8h__incl.pdf>
Package pdftex.def Info: available-support_8h__incl.pdf  used on input line 16.

(pdftex.def)             Requested size: 350.0pt x 55.77083pt.
 <./available-support_8h__dep__incl.pdf

pdfTeX warning: /usr/bin/pdflatex (file ./available-support_8h__dep__incl.pdf):
 PDF inclusion: multiple pdfs with page group included in a single page
>
<available-support_8h__dep__incl.pdf, id=989, 698.61pt x 291.0875pt>
File: available-support_8h__dep__incl.pdf Graphic file (type pdf)
<use available-support_8h__dep__incl.pdf>
Package pdftex.def Info: available-support_8h__dep__incl.pdf  used on input lin
e 24.
(pdftex.def)             Requested size: 350.0pt x 145.83209pt.
 [43

]) (./available_8cpp.tex <./available_8cpp__incl.pdf>
<available_8cpp__incl.pdf, id=1012, 2038.61626pt x 381.425pt>
File: available_8cpp__incl.pdf Graphic file (type pdf)
<use available_8cpp__incl.pdf>
Package pdftex.def Info: available_8cpp__incl.pdf  used on input line 16.
(pdftex.def)             Requested size: 350.0pt x 65.4816pt.
 [44])
(./BaseTransferFunction_8cpp.tex <./BaseTransferFunction_8cpp__incl.pdf>
<BaseTransferFunction_8cpp__incl.pdf, id=1036, 403.5075pt x 280.04625pt>
File: BaseTransferFunction_8cpp__incl.pdf Graphic file (type pdf)
<use BaseTransferFunction_8cpp__incl.pdf>
Package pdftex.def Info: BaseTransferFunction_8cpp__incl.pdf  used on input lin
e 9.
(pdftex.def)             Requested size: 350.0pt x 242.91182pt.

[45]) (./dataflow_8cpp.tex <./dataflow_8cpp__incl.pdf>
<dataflow_8cpp__incl.pdf, id=1058, 1516.66624pt x 381.425pt>
File: dataflow_8cpp__incl.pdf Graphic file (type pdf)
<use dataflow_8cpp__incl.pdf>
Package pdftex.def Info: dataflow_8cpp__incl.pdf  used on input line 11.
(pdftex.def)             Requested size: 350.0pt x 88.0169pt.
)
(./BaseTransferFunction_8h.tex <./BaseTransferFunction_8h__incl.pdf

pdfTeX warning: /usr/bin/pdflatex (file ./BaseTransferFunction_8h__incl.pdf): P
DF inclusion: multiple pdfs with page group included in a single page
>
<BaseTransferFunction_8h__incl.pdf, id=1067, 403.5075pt x 223.83624pt>
File: BaseTransferFunction_8h__incl.pdf Graphic file (type pdf)
<use BaseTransferFunction_8h__incl.pdf>
Package pdftex.def Info: BaseTransferFunction_8h__incl.pdf  used on input line 
11.
(pdftex.def)             Requested size: 350.0pt x 194.15532pt.
 [46] <./BaseTransferFunction_8h__dep__incl.pdf>
<BaseTransferFunction_8h__dep__incl.pdf, id=1086, 545.03625pt x 234.8775pt>
File: BaseTransferFunction_8h__dep__incl.pdf Graphic file (type pdf)
<use BaseTransferFunction_8h__dep__incl.pdf>
Package pdftex.def Info: BaseTransferFunction_8h__dep__incl.pdf  used on input 
line 19.
(pdftex.def)             Requested size: 350.0pt x 150.82642pt.
) (./dataflow_8h.tex <./dataflow_8h__incl.pdf

pdfTeX warning: /usr/bin/pdflatex (file ./dataflow_8h__incl.pdf): PDF inclusion
: multiple pdfs with page group included in a single page
>
<dataflow_8h__incl.pdf, id=1097, 1830.84pt x 336.25626pt>
File: dataflow_8h__incl.pdf Graphic file (type pdf)
<use dataflow_8h__incl.pdf>
Package pdftex.def Info: dataflow_8h__incl.pdf  used on input line 23.
(pdftex.def)             Requested size: 350.0pt x 64.2793pt.
 [47] <./dataflow_8h__dep__incl.pdf>
<dataflow_8h__dep__incl.pdf, id=1116, 458.71375pt x 167.62625pt>
File: dataflow_8h__dep__incl.pdf Graphic file (type pdf)
<use dataflow_8h__dep__incl.pdf>
Package pdftex.def Info: dataflow_8h__dep__incl.pdf  used on input line 31.
(pdftex.def)             Requested size: 350.0pt x 127.90625pt.
 [48]

Package longtable Warning: Column widths have changed
(longtable)                in table 7.1 on input line 79.


Package longtable Warning: Column widths have changed
(longtable)                in table 7.2 on input line 95.


Package longtable Warning: Column widths have changed
(longtable)                in table 7.3 on input line 111.

) (./IntersectionMeet_8h.tex <./IntersectionMeet_8h__incl.pdf>
<IntersectionMeet_8h__incl.pdf, id=1157, 403.5075pt x 223.83624pt>
File: IntersectionMeet_8h__incl.pdf Graphic file (type pdf)
<use IntersectionMeet_8h__incl.pdf>
Package pdftex.def Info: IntersectionMeet_8h__incl.pdf  used on input line 10.
(pdftex.def)             Requested size: 350.0pt x 194.15532pt.

Underfull \vbox (badness 1946) has occurred while \output is active []

 [49] <./IntersectionMeet_8h__dep__incl.pdf

pdfTeX warning: /usr/bin/pdflatex (file ./IntersectionMeet_8h__dep__incl.pdf): 
PDF inclusion: multiple pdfs with page group included in a single page
>
<IntersectionMeet_8h__dep__incl.pdf, id=1177, 453.695pt x 178.6675pt>
File: IntersectionMeet_8h__dep__incl.pdf Graphic file (type pdf)
<use IntersectionMeet_8h__dep__incl.pdf>
Package pdftex.def Info: IntersectionMeet_8h__dep__incl.pdf  used on input line
 18.
(pdftex.def)             Requested size: 350.0pt x 137.83337pt.
) (./KillGen_8h.tex <./KillGen_8h__incl.pdf

pdfTeX warning: /usr/bin/pdflatex (file ./KillGen_8h__incl.pdf): PDF inclusion:
 multiple pdfs with page group included in a single page
>
<KillGen_8h__incl.pdf, id=1186, 1414.28375pt x 280.04625pt>
File: KillGen_8h__incl.pdf Graphic file (type pdf)
<use KillGen_8h__incl.pdf>
Package pdftex.def Info: KillGen_8h__incl.pdf  used on input line 18.
(pdftex.def)             Requested size: 350.0pt x 69.30203pt.
 [50] <./KillGen_8h__dep__incl.pdf>
<KillGen_8h__dep__incl.pdf, id=1203, 580.1675pt x 234.8775pt>
File: KillGen_8h__dep__incl.pdf Graphic file (type pdf)
<use KillGen_8h__dep__incl.pdf>
Package pdftex.def Info: KillGen_8h__dep__incl.pdf  used on input line 26.
(pdftex.def)             Requested size: 350.0pt x 141.69455pt.
) (./MeetOpInterface_8h.tex <./MeetOpInterface_8h__incl.pdf

pdfTeX warning: /usr/bin/pdflatex (file ./MeetOpInterface_8h__incl.pdf): PDF in
clusion: multiple pdfs with page group included in a single page
>
<MeetOpInterface_8h__incl.pdf, id=1214, 403.5075pt x 167.62625pt>
File: MeetOpInterface_8h__incl.pdf Graphic file (type pdf)
<use MeetOpInterface_8h__incl.pdf>
Package pdftex.def Info: MeetOpInterface_8h__incl.pdf  used on input line 13.
(pdftex.def)             Requested size: 350.0pt x 145.39882pt.
 <./MeetOpInterface_8h__dep__incl.pdf

pdfTeX warning: /usr/bin/pdflatex (file ./MeetOpInterface_8h__dep__incl.pdf): P
DF inclusion: multiple pdfs with page group included in a single page
>
<MeetOpInterface_8h__dep__incl.pdf, id=1222, 1008.76875pt x 369.38pt>
File: MeetOpInterface_8h__dep__incl.pdf Graphic file (type pdf)
<use MeetOpInterface_8h__dep__incl.pdf>
Package pdftex.def Info: MeetOpInterface_8h__dep__incl.pdf  used on input line 
21.
(pdftex.def)             Requested size: 350.0pt x 128.15767pt.
 [51] [52]

Package longtable Warning: Column widths have changed
(longtable)                in table 7.4 on input line 76.

) (./UnionMeet_8h.tex <./UnionMeet_8h__incl.pdf>
<UnionMeet_8h__incl.pdf, id=1265, 403.5075pt x 223.83624pt>
File: UnionMeet_8h__incl.pdf Graphic file (type pdf)
<use UnionMeet_8h__incl.pdf>
Package pdftex.def Info: UnionMeet_8h__incl.pdf  used on input line 10.
(pdftex.def)             Requested size: 350.0pt x 194.15532pt.
 <./UnionMeet_8h__dep__incl.pdf

pdfTeX warning: /usr/bin/pdflatex (file ./UnionMeet_8h__dep__incl.pdf): PDF inc
lusion: multiple pdfs with page group included in a single page
>
<UnionMeet_8h__dep__incl.pdf, id=1273, 612.2875pt x 302.12875pt>
File: UnionMeet_8h__dep__incl.pdf Graphic file (type pdf)
<use UnionMeet_8h__dep__incl.pdf>
Package pdftex.def Info: UnionMeet_8h__dep__incl.pdf  used on input line 18.
(pdftex.def)             Requested size: 350.0pt x 172.70384pt.
) (./IntersectionMeet_8cpp.tex <./IntersectionMeet_8cpp__incl.pdf

pdfTeX warning: /usr/bin/pdflatex (file ./IntersectionMeet_8cpp__incl.pdf): PDF
 inclusion: multiple pdfs with page group included in a single page
>
<IntersectionMeet_8cpp__incl.pdf, id=1282, 403.5075pt x 280.04625pt>
File: IntersectionMeet_8cpp__incl.pdf Graphic file (type pdf)
<use IntersectionMeet_8cpp__incl.pdf>
Package pdftex.def Info: IntersectionMeet_8cpp__incl.pdf  used on input line 10
.
(pdftex.def)             Requested size: 350.0pt x 242.91182pt.
 [53]) (./KillGen_8cpp.tex <./KillGen_8cpp__incl.pdf>
<KillGen_8cpp__incl.pdf, id=1301, 1414.28375pt x 325.215pt>
File: KillGen_8cpp__incl.pdf Graphic file (type pdf)
<use KillGen_8cpp__incl.pdf>
Package pdftex.def Info: KillGen_8cpp__incl.pdf  used on input line 9.
(pdftex.def)             Requested size: 350.0pt x 80.47978pt.
) (./UnionMeet_8cpp.tex <./UnionMeet_8cpp__incl.pdf

pdfTeX warning: /usr/bin/pdflatex (file ./UnionMeet_8cpp__incl.pdf): PDF inclus
ion: multiple pdfs with page group included in a single page
>
<UnionMeet_8cpp__incl.pdf, id=1309, 403.5075pt x 269.005pt>
File: UnionMeet_8cpp__incl.pdf Graphic file (type pdf)
<use UnionMeet_8cpp__incl.pdf>
Package pdftex.def Info: UnionMeet_8cpp__incl.pdf  used on input line 10.
(pdftex.def)             Requested size: 350.0pt x 233.33466pt.
) (./liveness-support_8cpp.tex [54] <./liveness-support_8cpp__incl.pdf>
<liveness-support_8cpp__incl.pdf, id=1327, 982.67125pt x 212.795pt>
File: liveness-support_8cpp__incl.pdf Graphic file (type pdf)
<use liveness-support_8cpp__incl.pdf>
Package pdftex.def Info: liveness-support_8cpp__incl.pdf  used on input line 9.

(pdftex.def)             Requested size: 350.0pt x 75.79114pt.
)
(./liveness-support_8h.tex <./liveness-support_8h__incl.pdf

pdfTeX warning: /usr/bin/pdflatex (file ./liveness-support_8h__incl.pdf): PDF i
nclusion: multiple pdfs with page group included in a single page
>
<liveness-support_8h__incl.pdf, id=1339, 982.67125pt x 156.585pt>
File: liveness-support_8h__incl.pdf Graphic file (type pdf)
<use liveness-support_8h__incl.pdf>
Package pdftex.def Info: liveness-support_8h__incl.pdf  used on input line 16.
(pdftex.def)             Requested size: 350.0pt x 55.77083pt.
 [55] <./liveness-support_8h__dep__incl.pdf>
<liveness-support_8h__dep__incl.pdf, id=1357, 198.7425pt x 156.585pt>
File: liveness-support_8h__dep__incl.pdf Graphic file (type pdf)
<use liveness-support_8h__dep__incl.pdf>
Package pdftex.def Info: liveness-support_8h__dep__incl.pdf  used on input line
 24.
(pdftex.def)             Requested size: 198.0pt x 156.004pt.
) (./liveness_8cpp.tex <./liveness_8cpp__incl.pdf

pdfTeX warning: /usr/bin/pdflatex (file ./liveness_8cpp__incl.pdf): PDF inclusi
on: multiple pdfs with page group included in a single page
>
<liveness_8cpp__incl.pdf, id=1369, 1912.14375pt x 381.425pt>
File: liveness_8cpp__incl.pdf Graphic file (type pdf)
<use liveness_8cpp__incl.pdf>
Package pdftex.def Info: liveness_8cpp__incl.pdf  used on input line 17.
(pdftex.def)             Requested size: 350.0pt x 69.81172pt.
 [56]) (./test_8c.tex) [57] [58

]
No file refman.ind.

Package longtable Warning: Table widths have changed. Rerun LaTeX.

Package atveryend Info: Empty hook `BeforeClearDocument' on input line 228.
Package atveryend Info: Empty hook `AfterLastShipout' on input line 228.
(./refman.aux)
Package atveryend Info: Executing hook `AtVeryEndDocument' on input line 228.
Package atveryend Info: Executing hook `AtEndAfterFileList' on input line 228.


Package rerunfilecheck Warning: File `refman.out' has changed.
(rerunfilecheck)                Rerun to get outlines right
(rerunfilecheck)                or use package `bookmark'.

Package rerunfilecheck Info: Checksums for `refman.out':
(rerunfilecheck)             Before: <no file>
(rerunfilecheck)             After:  EF9A6EDB5047AF8B65B626ED19730E78;33752.

LaTeX Warning: There were undefined references.


LaTeX Warning: Label(s) may have changed. Rerun to get cross-references right.

 ) 
Here is how much of TeX's memory you used:
 17702 strings out of 492167
 269804 string characters out of 6131559
 352983 words of memory out of 5000000
 21292 multiletter control sequences out of 15000+600000
 65289 words of font info for 93 fonts, out of 8000000 for 9000
 1141 hyphenation exceptions out of 8191
 55i,16n,96p,942b,620s stack positions out of 5000i,500n,10000p,200000b,80000s
{/usr/share/texmf-dist/fonts/enc/dvips/base/8r.enc}</usr/share/texmf-dist/fon
ts/type1/public/amsfonts/cm/cmmi10.pfb></usr/share/texmf-dist/fonts/type1/publi
c/amsfonts/cm/cmmi12.pfb></usr/share/texmf-dist/fonts/type1/public/amsfonts/cm/
cmmi7.pfb></usr/share/texmf-dist/fonts/type1/public/amsfonts/cm/cmmi8.pfb></usr
/share/texmf-dist/fonts/type1/public/amsfonts/cm/cmsy10.pfb></usr/share/texmf-d
ist/fonts/type1/public/amsfonts/cm/cmsy7.pfb></usr/share/texmf-dist/fonts/type1
/public/amsfonts/cm/cmsy8.pfb></usr/share/texmf-dist/fonts/type1/urw/courier/uc
rb8a.pfb></usr/share/texmf-dist/fonts/type1/urw/courier/ucrr8a.pfb></usr/share/
texmf-dist/fonts/type1/urw/courier/ucrro8a.pfb></usr/share/texmf-dist/fonts/typ
e1/urw/helvetic/uhvb8a.pfb></usr/share/texmf-dist/fonts/type1/urw/helvetic/uhvb
8ac.pfb></usr/share/texmf-dist/fonts/type1/urw/helvetic/uhvr8a.pfb></usr/share/
texmf-dist/fonts/type1/urw/helvetic/uhvro8a.pfb>
Output written on refman.pdf (60 pages, 577986 bytes).
PDF statistics:
 1553 PDF objects out of 1728 (max. 8388607)
 1316 compressed objects within 14 object streams
 438 named destinations out of 1000 (max. 500000)
 226 words of extra memory for PDF output out of 10000 (max. 10000000)

